<?xml version="1.0" encoding="UTF-8"?>
<testng-results skipped="0" failed="1" ignored="0" total="1" passed="0">
  <reporter-output>
  </reporter-output>
  <suite name="Default suite" duration-ms="10163" started-at="2017-12-01T07:11:04Z" finished-at="2017-12-01T07:11:14Z">
    <groups>
    </groups>
    <test name="Default test" duration-ms="10163" started-at="2017-12-01T07:11:04Z" finished-at="2017-12-01T07:11:14Z">
      <class name="com.app.test.SignInPageTest">
        <test-method status="PASS" signature="setUp(java.lang.String)[pri:0, instance:com.app.test.SignInPageTest@4cc0edeb]" name="setUp" is-config="true" duration-ms="27031" started-at="2017-12-01T12:40:37Z" finished-at="2017-12-01T12:41:04Z">
          <params>
            <param index="0">
              <value>
                <![CDATA[snapApp]]>
              </value>
            </param>
          </params>
          <reporter-output>
          </reporter-output>
        </test-method> <!-- setUp -->
        <test-method status="FAIL" signature="eBay_Product_Search_Sort_PDP_Watch_Login_Test()[pri:0, instance:com.app.test.SignInPageTest@4cc0edeb]" name="eBay_Product_Search_Sort_PDP_Watch_Login_Test" duration-ms="10146" started-at="2017-12-01T12:41:04Z" finished-at="2017-12-01T12:41:14Z">
          <exception class="org.openqa.selenium.NoSuchElementException">
            <message>
              <![CDATA[An element could not be located on the page using the given search parameters. (WARNING: The server did not provide any stacktrace information)
Command duration or timeout: 0 milliseconds
For documentation on this error, please visit: http://seleniumhq.org/exceptions/no_such_element.html
Build info: version: '3.5.3', revision: 'a88d25fe6b', time: '2017-08-29T12:54:15.039Z'
System info: host: 'itsupportblrs-MacBook-Pro.local', ip: 'fe80:0:0:0:80d:78ad:22b6:bed7%en0', os.name: 'Mac OS X', os.arch: 'x86_64', os.version: '10.12.3', java.version: '1.8.0_112'
Driver info: io.appium.java_client.android.AndroidDriver
Capabilities [{appPackage=com.snapdeal.main, app=/SubhankarOfficeWork/APPUIAUTOMATION/mobileAppAutomation/AppTest/app/Snapdeal-universal-debug.apk, deviceScreenSize=1080x1920, networkConnectionEnabled=true, warnings={}, databaseEnabled=false, deviceName=emulator-5554, platform=LINUX, deviceUDID=emulator-5554, appActivity=com.snapdeal.ui.material.activity.MaterialMainActivity, desired={appPackage=com.snapdeal.main, appActivity=com.snapdeal.ui.material.activity.MaterialMainActivity, app=/SubhankarOfficeWork/APPUIAUTOMATION/mobileAppAutomation/AppTest/app/Snapdeal-universal-debug.apk, platformVersion=7.1.1, platformName=Android, udid=emulator-5554, deviceName=Emulator}, platformVersion=7.0, webStorageEnabled=false, locationContextEnabled=false, takesScreenshot=true, javascriptEnabled=true, deviceModel=Android SDK built for x86_64, udid=emulator-5554, deviceManufacturer=unknown, platformName=LINUX}]
Session ID: ea5a98e2-f5a3-4703-b4ba-a55f80e8b8ec
*** Element info: {Using=id, value=com.ebay.mobile:id/logo}]]>
            </message>
            <full-stacktrace>
              <![CDATA[org.openqa.selenium.NoSuchElementException: An element could not be located on the page using the given search parameters. (WARNING: The server did not provide any stacktrace information)
Command duration or timeout: 0 milliseconds
For documentation on this error, please visit: http://seleniumhq.org/exceptions/no_such_element.html
Build info: version: '3.5.3', revision: 'a88d25fe6b', time: '2017-08-29T12:54:15.039Z'
System info: host: 'itsupportblrs-MacBook-Pro.local', ip: 'fe80:0:0:0:80d:78ad:22b6:bed7%en0', os.name: 'Mac OS X', os.arch: 'x86_64', os.version: '10.12.3', java.version: '1.8.0_112'
Driver info: io.appium.java_client.android.AndroidDriver
Capabilities [{appPackage=com.snapdeal.main, app=/SubhankarOfficeWork/APPUIAUTOMATION/mobileAppAutomation/AppTest/app/Snapdeal-universal-debug.apk, deviceScreenSize=1080x1920, networkConnectionEnabled=true, warnings={}, databaseEnabled=false, deviceName=emulator-5554, platform=LINUX, deviceUDID=emulator-5554, appActivity=com.snapdeal.ui.material.activity.MaterialMainActivity, desired={appPackage=com.snapdeal.main, appActivity=com.snapdeal.ui.material.activity.MaterialMainActivity, app=/SubhankarOfficeWork/APPUIAUTOMATION/mobileAppAutomation/AppTest/app/Snapdeal-universal-debug.apk, platformVersion=7.1.1, platformName=Android, udid=emulator-5554, deviceName=Emulator}, platformVersion=7.0, webStorageEnabled=false, locationContextEnabled=false, takesScreenshot=true, javascriptEnabled=true, deviceModel=Android SDK built for x86_64, udid=emulator-5554, deviceManufacturer=unknown, platformName=LINUX}]
Session ID: ea5a98e2-f5a3-4703-b4ba-a55f80e8b8ec
*** Element info: {Using=id, value=com.ebay.mobile:id/logo}
	at sun.reflect.NativeConstructorAccessorImpl.newInstance0(Native Method)
	at sun.reflect.NativeConstructorAccessorImpl.newInstance(NativeConstructorAccessorImpl.java:62)
	at sun.reflect.DelegatingConstructorAccessorImpl.newInstance(DelegatingConstructorAccessorImpl.java:45)
	at java.lang.reflect.Constructor.newInstance(Constructor.java:423)
	at org.openqa.selenium.remote.ErrorHandler.createThrowable(ErrorHandler.java:215)
	at org.openqa.selenium.remote.ErrorHandler.throwIfResponseFailed(ErrorHandler.java:167)
	at org.openqa.selenium.remote.http.JsonHttpResponseCodec.reconstructValue(JsonHttpResponseCodec.java:40)
	at org.openqa.selenium.remote.http.AbstractHttpResponseCodec.decode(AbstractHttpResponseCodec.java:82)
	at org.openqa.selenium.remote.http.AbstractHttpResponseCodec.decode(AbstractHttpResponseCodec.java:45)
	at org.openqa.selenium.remote.HttpCommandExecutor.execute(HttpCommandExecutor.java:164)
	at io.appium.java_client.remote.AppiumCommandExecutor.execute(AppiumCommandExecutor.java:89)
	at org.openqa.selenium.remote.RemoteWebDriver.execute(RemoteWebDriver.java:646)
	at io.appium.java_client.DefaultGenericMobileDriver.execute(DefaultGenericMobileDriver.java:42)
	at io.appium.java_client.AppiumDriver.execute(AppiumDriver.java:1)
	at io.appium.java_client.android.AndroidDriver.execute(AndroidDriver.java:1)
	at org.openqa.selenium.remote.RemoteWebDriver.findElement(RemoteWebDriver.java:416)
	at io.appium.java_client.DefaultGenericMobileDriver.findElement(DefaultGenericMobileDriver.java:62)
	at io.appium.java_client.AppiumDriver.findElement(AppiumDriver.java:1)
	at io.appium.java_client.android.AndroidDriver.findElement(AndroidDriver.java:1)
	at org.openqa.selenium.remote.RemoteWebDriver.findElementById(RemoteWebDriver.java:462)
	at io.appium.java_client.DefaultGenericMobileDriver.findElementById(DefaultGenericMobileDriver.java:70)
	at io.appium.java_client.AppiumDriver.findElementById(AppiumDriver.java:1)
	at io.appium.java_client.android.AndroidDriver.findElementById(AndroidDriver.java:1)
	at org.openqa.selenium.By$ById.findElement(By.java:218)
	at org.openqa.selenium.remote.RemoteWebDriver.findElement(RemoteWebDriver.java:408)
	at io.appium.java_client.DefaultGenericMobileDriver.findElement(DefaultGenericMobileDriver.java:58)
	at io.appium.java_client.AppiumDriver.findElement(AppiumDriver.java:1)
	at io.appium.java_client.android.AndroidDriver.findElement(AndroidDriver.java:1)
	at com.app.page.HomePage.getEbayLogo(HomePage.java:15)
	at com.app.test.SignInPageTest.eBay_Product_Search_Sort_PDP_Watch_Login_Test(SignInPageTest.java:34)
	at sun.reflect.NativeMethodAccessorImpl.invoke0(Native Method)
	at sun.reflect.NativeMethodAccessorImpl.invoke(NativeMethodAccessorImpl.java:62)
	at sun.reflect.DelegatingMethodAccessorImpl.invoke(DelegatingMethodAccessorImpl.java:43)
	at java.lang.reflect.Method.invoke(Method.java:498)
	at org.testng.internal.MethodInvocationHelper.invokeMethod(MethodInvocationHelper.java:108)
	at org.testng.internal.Invoker.invokeMethod(Invoker.java:669)
	at org.testng.internal.Invoker.invokeTestMethod(Invoker.java:877)
	at org.testng.internal.Invoker.invokeTestMethods(Invoker.java:1201)
	at org.testng.internal.TestMethodWorker.invokeTestMethods(TestMethodWorker.java:125)
	at org.testng.internal.TestMethodWorker.run(TestMethodWorker.java:109)
	at org.testng.TestRunner.privateRun(TestRunner.java:776)
	at org.testng.TestRunner.run(TestRunner.java:634)
	at org.testng.SuiteRunner.runTest(SuiteRunner.java:425)
	at org.testng.SuiteRunner.runSequentially(SuiteRunner.java:420)
	at org.testng.SuiteRunner.privateRun(SuiteRunner.java:385)
	at org.testng.SuiteRunner.run(SuiteRunner.java:334)
	at org.testng.SuiteRunnerWorker.runSuite(SuiteRunnerWorker.java:52)
	at org.testng.SuiteRunnerWorker.run(SuiteRunnerWorker.java:86)
	at org.testng.TestNG.runSuitesSequentially(TestNG.java:1318)
	at org.testng.TestNG.runSuitesLocally(TestNG.java:1243)
	at org.testng.TestNG.runSuites(TestNG.java:1161)
	at org.testng.TestNG.run(TestNG.java:1129)
	at org.testng.remote.AbstractRemoteTestNG.run(AbstractRemoteTestNG.java:114)
	at org.testng.remote.RemoteTestNG.initAndRun(RemoteTestNG.java:251)
	at org.testng.remote.RemoteTestNG.main(RemoteTestNG.java:77)
]]>
            </full-stacktrace>
          </exception> <!-- org.openqa.selenium.NoSuchElementException -->
          <reporter-output>
          </reporter-output>
        </test-method> <!-- eBay_Product_Search_Sort_PDP_Watch_Login_Test -->
        <test-method status="PASS" signature="stopAppium()[pri:0, instance:com.app.test.SignInPageTest@4cc0edeb]" name="stopAppium" is-config="true" duration-ms="6053" started-at="2017-12-01T12:41:19Z" finished-at="2017-12-01T12:41:25Z">
          <reporter-output>
          </reporter-output>
        </test-method> <!-- stopAppium -->
      </class> <!-- com.app.test.SignInPageTest -->
    </test> <!-- Default test -->
  </suite> <!-- Default suite -->
</testng-results>
